Arguments: 
  /usr/local/bin/node /usr/share/yarn/bin/yarn.js start

PATH: 
  /usr/local/sbin:/usr/local/bin:/usr/sbin:/usr/bin:/sbin:/bin:/usr/games:/usr/local/games:/snap/bin:/home/mojann/.local/bin/:/home/mojann/Document

Yarn version: 
  1.5.1

Node version: 
  9.5.0

Platform: 
  linux x64

npm manifest: 
  {
    "name": "blockchainViewer",
    "version": "0.0.1",
    "private": true,
    "description": "blockchainViewer created by Rekit.",
    "keywords": [
      "rekit"
    ],
    "rekit": {
      "devPort": 6075,
      "studioPort": 6076,
      "buildPort": 6077,
      "plugins": [],
      "css": "less"
    },
    "scripts": {
      "start": "node ./tools/server.js",
      "build": "node ./tools/build.js",
      "test": "node ./tools/run_test.js"
    },
    "devDependencies": {
      "argparse": "^1.0.7",
      "axios": "^0.18.0",
      "babel-core": "^6.25.0",
      "babel-eslint": "^8.2.1",
      "babel-loader": "^7.0.0",
      "babel-plugin-istanbul": "^4.1.4",
      "babel-plugin-lodash": "^3.2.11",
      "babel-plugin-module-resolver": "^3.0.0",
      "babel-plugin-syntax-dynamic-import": "^6.18.0",
      "babel-polyfill": "^6.26.0",
      "babel-preset-env": "^1.6.1",
      "babel-preset-react": "^6.24.1",
      "babel-preset-stage-0": "^6.24.1",
      "chai": "^4.1.2",
      "css-loader": "^0.28.8",
      "enzyme": "^3.3.0",
      "enzyme-adapter-react-16": "^1.1.1",
      "eslint": "^4.15.0",
      "eslint-config-airbnb": "^16.1.0",
      "eslint-import-resolver-babel-module": "^4.0.0",
      "eslint-plugin-import": "^2.8.0",
      "eslint-plugin-jsx-a11y": "^6.0.3",
      "eslint-plugin-react": "^7.5.1",
      "express": "^4.16.2",
      "express-history-api-fallback": "^2.2.1",
      "file-loader": "^1.1.6",
      "history": "^4.7.2",
      "jsdom": "^11.5.1",
      "less": "^3.0.1",
      "less-loader": "^4.0.5",
      "lodash": "^4.17.4",
      "lodash-webpack-plugin": "^0.11.4",
      "mocha": "^5.0.5",
      "mocha-webpack": "^1.0.1",
      "nock": "^9.1.6",
      "npm-run": "^4.1.2",
      "nyc": "^11.4.1",
      "prop-types": "^15.5.10",
      "react": "^16.2.0",
      "react-dom": "^16.2.0",
      "react-hot-loader": "^4.0.0",
      "react-materialize": "^2.1.2",
      "react-redux": "^5.0.5",
      "react-router-dom": "^4.1.1",
      "react-router-redux": "5.0.0-alpha.9",
      "redux": "^3.7.2",
      "redux-logger": "^3.0.6",
      "redux-mock-store": "^1.4.0",
      "redux-saga": "^0.16.0",
      "redux-thunk": "^2.2.0",
      "rekit-core": "^2.1.1",
      "rekit-studio": "^2.2.0",
      "request": "^2.83.0",
      "shelljs": "^0.8.0",
      "sinon": "^4.1.5",
      "style-loader": "^0.20.3",
      "url-loader": "^1.0.1",
      "webpack": "^4.2.0",
      "webpack-bundle-analyzer": "^2.9.2",
      "webpack-dev-middleware": "^3.0.1",
      "webpack-hot-middleware": "^2.21.0",
      "webpack-node-externals": "^1.6.0"
    },
    "dependencies": {
      "react-tooltip": "^3.4.0",
      "web3": "^1.0.0-beta.33"
    }
  }

yarn manifest: 
  No manifest

Lockfile: 
  No lockfile

Trace: 
  Error: Command failed.
  Exit code: 1
  Command: sh
  Arguments: -c node ./tools/server.js
  Directory: /home/mojann/WebstormProjects/blockchainViewer
  Output:
  
      at ProcessTermError.MessageError (/usr/share/yarn/lib/cli.js:186:110)
      at new ProcessTermError (/usr/share/yarn/lib/cli.js:226:113)
      at ChildProcess.<anonymous> (/usr/share/yarn/lib/cli.js:30281:17)
      at ChildProcess.emit (events.js:160:13)
      at maybeClose (internal/child_process.js:943:16)
      at Process.ChildProcess._handle.onexit (internal/child_process.js:220:5)
